# JRE version: Java(TM) SE Runtime Environment (8.0_241-b07) (build 1.8.0_241-b07)
# Java VM: Java HotSpot(TM) 64-Bit Server VM (25.241-b07 mixed mode windows-amd64 compressed oops)
Heap:
 PSYoungGen      total 36864K, used 15790K [0x00000000d6c00000, 0x00000000d9500000, 0x0000000100000000)
  eden space 31744K, 49% used [0x00000000d6c00000,0x00000000d7b6bb78,0x00000000d8b00000)
  from space 5120K, 0% used [0x00000000d9000000,0x00000000d9000000,0x00000000d9500000)
  to   space 5120K, 0% used [0x00000000d8b00000,0x00000000d8b00000,0x00000000d9000000)
 ParOldGen       total 59904K, used 15086K [0x0000000084400000, 0x0000000087e80000, 0x00000000d6c00000)
  object space 59904K, 25% used [0x0000000084400000,0x00000000852bbac0,0x0000000087e80000)
 Metaspace       used 21120K, capacity 21446K, committed 21760K, reserved 1075200K
  class space    used 2651K, capacity 2767K, committed 2816K, reserved 1048576K
GC Heap History (8 events):
Event: 0.358 GC heap before
{Heap before GC invocations=1 (full 0):
 PSYoungGen      total 36864K, used 12072K [0x00000000d6c00000, 0x00000000d9500000, 0x0000000100000000)
  eden space 31744K, 38% used [0x00000000d6c00000,0x00000000d77ca3f8,0x00000000d8b00000)
  from space 5120K, 0% used [0x00000000d9000000,0x00000000d9000000,0x00000000d9500000)
  to   space 5120K, 0% used [0x00000000d8b00000,0x00000000d8b00000,0x00000000d9000000)
 ParOldGen       total 84992K, used 0K [0x0000000084400000, 0x0000000089700000, 0x00000000d6c00000)
  object space 84992K, 0% used [0x0000000084400000,0x0000000084400000,0x0000000089700000)
 Metaspace       used 13050K, capacity 13238K, committed 13440K, reserved 1067008K
  class space    used 1752K, capacity 1837K, committed 1920K, reserved 1048576K
Event: 0.362 GC heap after
Heap after GC invocations=1 (full 0):
 PSYoungGen      total 36864K, used 2912K [0x00000000d6c00000, 0x00000000d9500000, 0x0000000100000000)
  eden space 31744K, 0% used [0x00000000d6c00000,0x00000000d6c00000,0x00000000d8b00000)
  from space 5120K, 56% used [0x00000000d8b00000,0x00000000d8dd8000,0x00000000d9000000)
  to   space 5120K, 0% used [0x00000000d9000000,0x00000000d9000000,0x00000000d9500000)
 ParOldGen       total 84992K, used 24K [0x0000000084400000, 0x0000000089700000, 0x00000000d6c00000)
  object space 84992K, 0% used [0x0000000084400000,0x0000000084406000,0x0000000089700000)
 Metaspace       used 13050K, capacity 13238K, committed 13440K, reserved 1067008K
  class space    used 1752K, capacity 1837K, committed 1920K, reserved 1048576K
}
Event: 0.362 GC heap before
{Heap before GC invocations=2 (full 1):
 PSYoungGen      total 36864K, used 2912K [0x00000000d6c00000, 0x00000000d9500000, 0x0000000100000000)
  eden space 31744K, 0% used [0x00000000d6c00000,0x00000000d6c00000,0x00000000d8b00000)
  from space 5120K, 56% used [0x00000000d8b00000,0x00000000d8dd8000,0x00000000d9000000)
  to   space 5120K, 0% used [0x00000000d9000000,0x00000000d9000000,0x00000000d9500000)
 ParOldGen       total 84992K, used 24K [0x0000000084400000, 0x0000000089700000, 0x00000000d6c00000)
  object space 84992K, 0% used [0x0000000084400000,0x0000000084406000,0x0000000089700000)
 Metaspace       used 13050K, capacity 13238K, committed 13440K, reserved 1067008K
  class space    used 1752K, capacity 1837K, committed 1920K, reserved 1048576K
Event: 0.374 GC heap after
Heap after GC invocations=2 (full 1):
 PSYoungGen      total 36864K, used 0K [0x00000000d6c00000, 0x00000000d9500000, 0x0000000100000000)
  eden space 31744K, 0% used [0x00000000d6c00000,0x00000000d6c00000,0x00000000d8b00000)
  from space 5120K, 0% used [0x00000000d8b00000,0x00000000d8b00000,0x00000000d9000000)
  to   space 5120K, 0% used [0x00000000d9000000,0x00000000d9000000,0x00000000d9500000)
 ParOldGen       total 59904K, used 2789K [0x0000000084400000, 0x0000000087e80000, 0x00000000d6c00000)
  object space 59904K, 4% used [0x0000000084400000,0x00000000846b97d0,0x0000000087e80000)
 Metaspace       used 13050K, capacity 13238K, committed 13440K, reserved 1064960K
  class space    used 1752K, capacity 1837K, committed 1920K, reserved 1048576K
}
Event: 0.829 GC heap before
{Heap before GC invocations=3 (full 1):
 PSYoungGen      total 36864K, used 31744K [0x00000000d6c00000, 0x00000000d9500000, 0x0000000100000000)
  eden space 31744K, 100% used [0x00000000d6c00000,0x00000000d8b00000,0x00000000d8b00000)
  from space 5120K, 0% used [0x00000000d8b00000,0x00000000d8b00000,0x00000000d9000000)
  to   space 5120K, 0% used [0x00000000d9000000,0x00000000d9000000,0x00000000d9500000)
 ParOldGen       total 59904K, used 2789K [0x0000000084400000, 0x0000000087e80000, 0x00000000d6c00000)
  object space 59904K, 4% used [0x0000000084400000,0x00000000846b97d0,0x0000000087e80000)
 Metaspace       used 19483K, capacity 19832K, committed 20096K, reserved 1069056K
  class space    used 2475K, capacity 2584K, committed 2688K, reserved 1048576K
Event: 0.841 GC heap after
Heap after GC invocations=3 (full 1):
 PSYoungGen      total 36864K, used 4601K [0x00000000d6c00000, 0x00000000d9500000, 0x0000000100000000)
  eden space 31744K, 0% used [0x00000000d6c00000,0x00000000d6c00000,0x00000000d8b00000)
  from space 5120K, 89% used [0x00000000d9000000,0x00000000d947e4f0,0x00000000d9500000)
  to   space 5120K, 0% used [0x00000000d8b00000,0x00000000d8b00000,0x00000000d9000000)
 ParOldGen       total 59904K, used 35198K [0x0000000084400000, 0x0000000087e80000, 0x00000000d6c00000)
  object space 59904K, 58% used [0x0000000084400000,0x000000008665f810,0x0000000087e80000)
 Metaspace       used 19483K, capacity 19832K, committed 20096K, reserved 1069056K
  class space    used 2475K, capacity 2584K, committed 2688K, reserved 1048576K
}
Event: 0.841 GC heap before
{Heap before GC invocations=4 (full 2):
 PSYoungGen      total 36864K, used 4601K [0x00000000d6c00000, 0x00000000d9500000, 0x0000000100000000)
  eden space 31744K, 0% used [0x00000000d6c00000,0x00000000d6c00000,0x00000000d8b00000)
  from space 5120K, 89% used [0x00000000d9000000,0x00000000d947e4f0,0x00000000d9500000)
  to   space 5120K, 0% used [0x00000000d8b00000,0x00000000d8b00000,0x00000000d9000000)
 ParOldGen       total 59904K, used 35198K [0x0000000084400000, 0x0000000087e80000, 0x00000000d6c00000)
  object space 59904K, 58% used [0x0000000084400000,0x000000008665f810,0x0000000087e80000)
 Metaspace       used 19483K, capacity 19832K, committed 20096K, reserved 1069056K
  class space    used 2475K, capacity 2584K, committed 2688K, reserved 1048576K
Event: 0.862 GC heap after
Heap after GC invocations=4 (full 2):
 PSYoungGen      total 36864K, used 0K [0x00000000d6c00000, 0x00000000d9500000, 0x0000000100000000)
  eden space 31744K, 0% used [0x00000000d6c00000,0x00000000d6c00000,0x00000000d8b00000)
  from space 5120K, 0% used [0x00000000d9000000,0x00000000d9000000,0x00000000d9500000)
  to   space 5120K, 0% used [0x00000000d8b00000,0x00000000d8b00000,0x00000000d9000000)
 ParOldGen       total 59904K, used 15086K [0x0000000084400000, 0x0000000087e80000, 0x00000000d6c00000)
  object space 59904K, 25% used [0x0000000084400000,0x00000000852bbac0,0x0000000087e80000)
 Metaspace       used 19483K, capacity 19832K, committed 20096K, reserved 1069056K
  class space    used 2475K, capacity 2584K, committed 2688K, reserved 1048576K
}

