# JRE version: Java(TM) SE Runtime Environment (8.0_241-b07) (build 1.8.0_241-b07)
# Java VM: Java HotSpot(TM) 64-Bit Server VM (25.241-b07 mixed mode windows-amd64 compressed oops)
Heap:
 PSYoungGen      total 54272K, used 34972K [0x00000000d6c00000, 0x00000000da600000, 0x0000000100000000)
  eden space 49152K, 71% used [0x00000000d6c00000,0x00000000d8e27320,0x00000000d9c00000)
  from space 5120K, 0% used [0x00000000d9c00000,0x00000000d9c00000,0x00000000da100000)
  to   space 5120K, 0% used [0x00000000da100000,0x00000000da100000,0x00000000da600000)
 ParOldGen       total 89088K, used 17186K [0x0000000084400000, 0x0000000089b00000, 0x00000000d6c00000)
  object space 89088K, 19% used [0x0000000084400000,0x00000000854c89c0,0x0000000089b00000)
 Metaspace       used 36366K, capacity 36872K, committed 37080K, reserved 1081344K
  class space    used 4414K, capacity 4564K, committed 4608K, reserved 1048576K
GC Heap History (10 events):
Event: 0.854 GC heap before
{Heap before GC invocations=3 (full 1):
 PSYoungGen      total 36864K, used 5088K [0x00000000d6c00000, 0x00000000db400000, 0x0000000100000000)
  eden space 31744K, 0% used [0x00000000d6c00000,0x00000000d6c00000,0x00000000d8b00000)
  from space 5120K, 99% used [0x00000000d9000000,0x00000000d94f8260,0x00000000d9500000)
  to   space 5120K, 0% used [0x00000000d8b00000,0x00000000d8b00000,0x00000000d9000000)
 ParOldGen       total 84992K, used 4561K [0x0000000084400000, 0x0000000089700000, 0x00000000d6c00000)
  object space 84992K, 5% used [0x0000000084400000,0x00000000848747b0,0x0000000089700000)
 Metaspace       used 20821K, capacity 21160K, committed 21248K, reserved 1067008K
  class space    used 2627K, capacity 2740K, committed 2816K, reserved 1048576K
Event: 0.872 GC heap after
Heap after GC invocations=3 (full 1):
 PSYoungGen      total 36864K, used 0K [0x00000000d6c00000, 0x00000000db400000, 0x0000000100000000)
  eden space 31744K, 0% used [0x00000000d6c00000,0x00000000d6c00000,0x00000000d8b00000)
  from space 5120K, 0% used [0x00000000d9000000,0x00000000d9000000,0x00000000d9500000)
  to   space 5120K, 0% used [0x00000000d8b00000,0x00000000d8b00000,0x00000000d9000000)
 ParOldGen       total 54784K, used 7765K [0x0000000084400000, 0x0000000087980000, 0x00000000d6c00000)
  object space 54784K, 14% used [0x0000000084400000,0x0000000084b95788,0x0000000087980000)
 Metaspace       used 20821K, capacity 21160K, committed 21248K, reserved 1067008K
  class space    used 2627K, capacity 2740K, committed 2816K, reserved 1048576K
}
Event: 2.939 GC heap before
{Heap before GC invocations=4 (full 1):
 PSYoungGen      total 36864K, used 31744K [0x00000000d6c00000, 0x00000000db400000, 0x0000000100000000)
  eden space 31744K, 100% used [0x00000000d6c00000,0x00000000d8b00000,0x00000000d8b00000)
  from space 5120K, 0% used [0x00000000d9000000,0x00000000d9000000,0x00000000d9500000)
  to   space 5120K, 0% used [0x00000000d8b00000,0x00000000d8b00000,0x00000000d9000000)
 ParOldGen       total 54784K, used 7765K [0x0000000084400000, 0x0000000087980000, 0x00000000d6c00000)
  object space 54784K, 14% used [0x0000000084400000,0x0000000084b95788,0x0000000087980000)
 Metaspace       used 27167K, capacity 27614K, committed 27776K, reserved 1073152K
  class space    used 3486K, capacity 3623K, committed 3712K, reserved 1048576K
Event: 2.943 GC heap after
Heap after GC invocations=4 (full 1):
 PSYoungGen      total 36864K, used 5092K [0x00000000d6c00000, 0x00000000da600000, 0x0000000100000000)
  eden space 31744K, 0% used [0x00000000d6c00000,0x00000000d6c00000,0x00000000d8b00000)
  from space 5120K, 99% used [0x00000000d8b00000,0x00000000d8ff90d0,0x00000000d9000000)
  to   space 5120K, 0% used [0x00000000da100000,0x00000000da100000,0x00000000da600000)
 ParOldGen       total 54784K, used 11914K [0x0000000084400000, 0x0000000087980000, 0x00000000d6c00000)
  object space 54784K, 21% used [0x0000000084400000,0x0000000084fa2a58,0x0000000087980000)
 Metaspace       used 27167K, capacity 27614K, committed 27776K, reserved 1073152K
  class space    used 3486K, capacity 3623K, committed 3712K, reserved 1048576K
}
Event: 3.160 GC heap before
{Heap before GC invocations=5 (full 1):
 PSYoungGen      total 36864K, used 36836K [0x00000000d6c00000, 0x00000000da600000, 0x0000000100000000)
  eden space 31744K, 100% used [0x00000000d6c00000,0x00000000d8b00000,0x00000000d8b00000)
  from space 5120K, 99% used [0x00000000d8b00000,0x00000000d8ff90d0,0x00000000d9000000)
  to   space 5120K, 0% used [0x00000000da100000,0x00000000da100000,0x00000000da600000)
 ParOldGen       total 54784K, used 11914K [0x0000000084400000, 0x0000000087980000, 0x00000000d6c00000)
  object space 54784K, 21% used [0x0000000084400000,0x0000000084fa2a58,0x0000000087980000)
 Metaspace       used 31373K, capacity 31792K, committed 32000K, reserved 1077248K
  class space    used 3952K, capacity 4074K, committed 4096K, reserved 1048576K
Event: 3.166 GC heap after
Heap after GC invocations=5 (full 1):
 PSYoungGen      total 54272K, used 5112K [0x00000000d6c00000, 0x00000000da600000, 0x0000000100000000)
  eden space 49152K, 0% used [0x00000000d6c00000,0x00000000d6c00000,0x00000000d9c00000)
  from space 5120K, 99% used [0x00000000da100000,0x00000000da5fe3c0,0x00000000da600000)
  to   space 5120K, 0% used [0x00000000d9c00000,0x00000000d9c00000,0x00000000da100000)
 ParOldGen       total 54784K, used 19336K [0x0000000084400000, 0x0000000087980000, 0x00000000d6c00000)
  object space 54784K, 35% used [0x0000000084400000,0x00000000856e21c8,0x0000000087980000)
 Metaspace       used 31373K, capacity 31792K, committed 32000K, reserved 1077248K
  class space    used 3952K, capacity 4074K, committed 4096K, reserved 1048576K
}
Event: 3.409 GC heap before
{Heap before GC invocations=6 (full 1):
 PSYoungGen      total 54272K, used 37786K [0x00000000d6c00000, 0x00000000da600000, 0x0000000100000000)
  eden space 49152K, 66% used [0x00000000d6c00000,0x00000000d8be8668,0x00000000d9c00000)
  from space 5120K, 99% used [0x00000000da100000,0x00000000da5fe3c0,0x00000000da600000)
  to   space 5120K, 0% used [0x00000000d9c00000,0x00000000d9c00000,0x00000000da100000)
 ParOldGen       total 54784K, used 19336K [0x0000000084400000, 0x0000000087980000, 0x00000000d6c00000)
  object space 54784K, 35% used [0x0000000084400000,0x00000000856e21c8,0x0000000087980000)
 Metaspace       used 34934K, capacity 35318K, committed 35416K, reserved 1081344K
  class space    used 4326K, capacity 4460K, committed 4480K, reserved 1048576K
Event: 3.416 GC heap after
Heap after GC invocations=6 (full 1):
 PSYoungGen      total 54272K, used 5092K [0x00000000d6c00000, 0x00000000da600000, 0x0000000100000000)
  eden space 49152K, 0% used [0x00000000d6c00000,0x00000000d6c00000,0x00000000d9c00000)
  from space 5120K, 99% used [0x00000000d9c00000,0x00000000da0f90b0,0x00000000da100000)
  to   space 5120K, 0% used [0x00000000da100000,0x00000000da100000,0x00000000da600000)
 ParOldGen       total 54784K, used 26508K [0x0000000084400000, 0x0000000087980000, 0x00000000d6c00000)
  object space 54784K, 48% used [0x0000000084400000,0x0000000085de33b8,0x0000000087980000)
 Metaspace       used 34934K, capacity 35318K, committed 35416K, reserved 1081344K
  class space    used 4326K, capacity 4460K, committed 4480K, reserved 1048576K
}
Event: 3.416 GC heap before
{Heap before GC invocations=7 (full 2):
 PSYoungGen      total 54272K, used 5092K [0x00000000d6c00000, 0x00000000da600000, 0x0000000100000000)
  eden space 49152K, 0% used [0x00000000d6c00000,0x00000000d6c00000,0x00000000d9c00000)
  from space 5120K, 99% used [0x00000000d9c00000,0x00000000da0f90b0,0x00000000da100000)
  to   space 5120K, 0% used [0x00000000da100000,0x00000000da100000,0x00000000da600000)
 ParOldGen       total 54784K, used 26508K [0x0000000084400000, 0x0000000087980000, 0x00000000d6c00000)
  object space 54784K, 48% used [0x0000000084400000,0x0000000085de33b8,0x0000000087980000)
 Metaspace       used 34934K, capacity 35318K, committed 35416K, reserved 1081344K
  class space    used 4326K, capacity 4460K, committed 4480K, reserved 1048576K
Event: 3.457 GC heap after
Heap after GC invocations=7 (full 2):
 PSYoungGen      total 54272K, used 0K [0x00000000d6c00000, 0x00000000da600000, 0x0000000100000000)
  eden space 49152K, 0% used [0x00000000d6c00000,0x00000000d6c00000,0x00000000d9c00000)
  from space 5120K, 0% used [0x00000000d9c00000,0x00000000d9c00000,0x00000000da100000)
  to   space 5120K, 0% used [0x00000000da100000,0x00000000da100000,0x00000000da600000)
 ParOldGen       total 89088K, used 17186K [0x0000000084400000, 0x0000000089b00000, 0x00000000d6c00000)
  object space 89088K, 19% used [0x0000000084400000,0x00000000854c89c0,0x0000000089b00000)
 Metaspace       used 34934K, capacity 35318K, committed 35416K, reserved 1081344K
  class space    used 4326K, capacity 4460K, committed 4480K, reserved 1048576K
}

